<?xml version="1.0" encoding="UTF-8"?>
<!-- Generated by org.testng.reporters.JUnitReportReporter -->
<testsuite skipped="0" hostname="USABOS250936L" name="Test1" tests="1" failures="0" timestamp="2020-08-31T08:24:43 CDT" time="7.864" errors="0">
  <testcase name="Demo" time="7.864" classname="Test1"/>
  <system-out/>
</testsuite> <!-- Test1 -->
