<?xml version="1.0" encoding="UTF-8"?>
<!-- Generated by org.testng.reporters.JUnitReportReporter -->
<testsuite skipped="0" hostname="USABOS250936L" name="Testscripts.Homepage" tests="2" failures="0" timestamp="2020-09-02T08:46:27 CDT" time="41.706" errors="0">
  <testcase name="Loginpage" time="20.031" classname="Testscripts.Homepage"/>
  <system-out>
Test Started Login is Verified <br><img src='C:\Users\gunjan.gandhi\IdeaProjects\Demo\src\test\java\test-output\screenshots\WebServices Testing using SoapUI20200902_084602.png'height='400' width='400'/><br> Forgot link is Sent Test Passed  </system-out>
  <testcase name="Loginpage" time="21.675" classname="Testscripts.Homepage"/>
  <system-out>
Test Started Login is Verified <br><img src='C:\Users\gunjan.gandhi\IdeaProjects\Demo\src\test\java\test-output\screenshots\WebServices Testing using SoapUI20200902_084621.png'height='400' width='400'/><br> Forgot link is Sent Test Passed  </system-out>
</testsuite> <!-- Testscripts.Homepage -->
