<?xml version="1.0" encoding="UTF-8"?>
<!-- Generated by org.testng.reporters.JUnitReportReporter -->
<testsuite skipped="0" hostname="USABOS250936L" name="Testscripts.Test1" tests="1" failures="0" timestamp="2020-09-02T08:46:27 CDT" time="52.560" errors="0">
  <testcase name="Demo" time="52.560" classname="Testscripts.Test1"/>
  <system-out>
Test Started Test Passed  </system-out>
</testsuite> <!-- Testscripts.Test1 -->
