<?xml version="1.0" encoding="UTF-8"?>
<!-- Generated by org.testng.reporters.JUnitReportReporter -->
<testsuite skipped="0" hostname="USABOS250936L" name="Testcases.ValidateNavigationBar" tests="1" failures="0" timestamp="2020-09-01T10:26:00 CDT" time="1.560" errors="0">
  <testcase name="Mainpage" time="1.560" classname="Testcases.ValidateNavigationBar"/>
  <system-out>
Test Started Contact is displayed Test Passed  </system-out>
</testsuite> <!-- Testcases.ValidateNavigationBar -->
