<?xml version="1.0" encoding="UTF-8"?>
<!-- Generated by org.testng.reporters.JUnitReportReporter -->
<testsuite skipped="0" hostname="USABOS250936L" name="Testscripts.ValidateTitle" tests="2" failures="0" timestamp="2020-09-02T08:46:27 CDT" time="1.012" errors="0">
  <testcase name="ValidateTitle" time="0.203" classname="Testscripts.ValidateTitle"/>
  <system-out>
Test Started Title is Verified Test Passed  </system-out>
  <testcase name="ValidateHeader" time="0.809" classname="Testscripts.ValidateTitle"/>
  <system-out>
Test Started Header is Verified Test Passed  </system-out>
</testsuite> <!-- Testscripts.ValidateTitle -->
