<?xml version="1.0" encoding="UTF-8"?>
<!-- Generated by org.testng.reporters.JUnitReportReporter -->
<testsuite skipped="0" hostname="USABOS250936L" name="Testcases.Homepage" tests="2" failures="0" timestamp="2020-09-01T10:26:00 CDT" time="98.888" errors="0">
  <testcase name="Loginpage" time="30.189" classname="Testcases.Homepage"/>
  <system-out>
Test Started Login is Verified <br><img src='C:\Users\gunjan.gandhi\IdeaProjects\Demo\src\test\java\test-output\screenshots\WebServices Testing using SoapUI20200901_102411.png'height='400' width='400'/><br> Forgot link is Sent Test Passed  </system-out>
  <testcase name="Loginpage" time="68.699" classname="Testcases.Homepage"/>
  <system-out>
Test Started Login is Verified <br><img src='C:\Users\gunjan.gandhi\IdeaProjects\Demo\src\test\java\test-output\screenshots\WebServices Testing using SoapUI20200901_102330.png'height='400' width='400'/><br> Forgot link is Sent Test Passed  </system-out>
</testsuite> <!-- Testcases.Homepage -->
