<?xml version="1.0" encoding="UTF-8"?>
<!-- Generated by org.testng.reporters.JUnitReportReporter -->
<testsuite skipped="0" hostname="USABOS250936L" name="Testcases.Test1" tests="1" failures="0" timestamp="2020-09-01T10:26:00 CDT" time="18.429" errors="0">
  <testcase name="Demo" time="18.429" classname="Testcases.Test1"/>
  <system-out>
Test Started Test Passed  </system-out>
</testsuite> <!-- Testcases.Test1 -->
