<?xml version="1.0" encoding="UTF-8"?>
<!-- Generated by org.testng.reporters.JUnitReportReporter -->
<testsuite skipped="0" hostname="USABOS250936L" name="Testscripts.ValidateNavigationBar" tests="1" failures="0" timestamp="2020-09-02T08:46:27 CDT" time="1.095" errors="0">
  <testcase name="Mainpage" time="1.095" classname="Testscripts.ValidateNavigationBar"/>
  <system-out>
Test Started Contact is displayed Test Passed  </system-out>
</testsuite> <!-- Testscripts.ValidateNavigationBar -->
