<?xml version="1.0" encoding="UTF-8"?>
<!-- Generated by org.testng.reporters.JUnitReportReporter -->
<testsuite skipped="0" hostname="USABOS250936L" name="Testcases.ValidateTitle" tests="2" failures="0" timestamp="2020-09-01T10:26:00 CDT" time="0.528" errors="0">
  <testcase name="ValidateTitle" time="0.220" classname="Testcases.ValidateTitle"/>
  <system-out>
Test Started Title is Verified Test Passed  </system-out>
  <testcase name="ValidateHeader" time="0.308" classname="Testcases.ValidateTitle"/>
  <system-out>
Test Started Header is Verified Test Passed  </system-out>
</testsuite> <!-- Testcases.ValidateTitle -->
