<?xml version="1.0" encoding="UTF-8"?>
<!-- Generated by org.testng.reporters.JUnitReportReporter -->
<testsuite skipped="0" hostname="USABOS250936L" name="ValidateTitle" tests="2" failures="0" timestamp="2020-08-31T08:24:43 CDT" time="0.238" errors="0">
  <testcase name="ValidateHeader" time="0.119" classname="ValidateTitle"/>
  <system-out>
Header is Verified  </system-out>
  <testcase name="ValidateTitle" time="0.119" classname="ValidateTitle"/>
  <system-out>
Title is Verified  </system-out>
</testsuite> <!-- ValidateTitle -->
