<?xml version="1.0" encoding="UTF-8"?>
<!-- Generated by org.testng.reporters.JUnitReportReporter -->
<testsuite skipped="0" hostname="USABOS250936L" name="Homepage" tests="2" failures="0" timestamp="2020-08-31T08:24:43 CDT" time="61.675" errors="0">
  <testcase name="Loginpage" time="45.037" classname="Homepage"/>
  <system-out>
Login is Verified <br><img src='C:\Users\gunjan.gandhi\IdeaProjects\Demo\src\test\java\test-output\screenshots\WebServices Testing using SoapUI20200831_082334.png'height='400' width='400'/><br> Forgot link is Sent  </system-out>
  <testcase name="Loginpage" time="16.638" classname="Homepage"/>
  <system-out>
Login is Verified <br><img src='C:\Users\gunjan.gandhi\IdeaProjects\Demo\src\test\java\test-output\screenshots\WebServices Testing using SoapUI20200831_082404.png'height='400' width='400'/><br> Forgot link is Sent  </system-out>
</testsuite> <!-- Homepage -->
