<?xml version="1.0" encoding="UTF-8"?>
<!-- Generated by org.testng.reporters.JUnitReportReporter -->
<testsuite skipped="0" hostname="USABOS250936L" name="ValidateNavigationBar" tests="1" failures="0" timestamp="2020-08-31T08:24:43 CDT" time="0.198" errors="0">
  <testcase name="Mainpage" time="0.198" classname="ValidateNavigationBar"/>
  <system-out/>
</testsuite> <!-- ValidateNavigationBar -->
